2014/12/25 08:19:06 [error] [exception.CDbException] exception 'CDbException' with message 'CDbConnection failed to open the DB connection: SQLSTATE[HY000] [1049] Unknown database 'promanpro'' in /opt/lampp/htdocs/PMPL_Promanpro3.0/promanpro/yii/framework/db/CDbConnection.php:382
Stack trace:
#0 /opt/lampp/htdocs/PMPL_Promanpro3.0/promanpro/yii/framework/db/CDbConnection.php(330): CDbConnection->open()
#1 /opt/lampp/htdocs/PMPL_Promanpro3.0/promanpro/yii/framework/db/CDbConnection.php(308): CDbConnection->setActive(true)
#2 /opt/lampp/htdocs/PMPL_Promanpro3.0/promanpro/yii/framework/base/CModule.php(387): CDbConnection->init()
#3 /opt/lampp/htdocs/PMPL_Promanpro3.0/promanpro/yii/framework/base/CApplication.php(450): CModule->getComponent('db')
#4 /opt/lampp/htdocs/PMPL_Promanpro3.0/promanpro/yii/framework/db/ar/CActiveRecord.php(634): CApplication->getDb()
#5 /opt/lampp/htdocs/PMPL_Promanpro3.0/promanpro/yii/framework/db/ar/CActiveRecord.php(2361): CActiveRecord->getDbConnection()
#6 /opt/lampp/htdocs/PMPL_Promanpro3.0/promanpro/yii/framework/db/ar/CActiveRecord.php(411): CActiveRecordMetaData->__construct(Object(User))
#7 /opt/lampp/htdocs/PMPL_Promanpro3.0/promanpro/yii/framework/db/ar/CActiveRecord.php(79): CActiveRecord->getMetaData()
#8 /opt/lampp/htdocs/PMPL_Promanpro3.0/promanpro/protected/controllers/SiteController.php(36): CActiveRecord->__construct()
#9 /opt/lampp/htdocs/PMPL_Promanpro3.0/promanpro/yii/framework/web/actions/CInlineAction.php(49): SiteController->actionIndex()
#10 /opt/lampp/htdocs/PMPL_Promanpro3.0/promanpro/yii/framework/web/CController.php(308): CInlineAction->runWithParams(Array)
#11 /opt/lampp/htdocs/PMPL_Promanpro3.0/promanpro/yii/framework/web/CController.php(286): CController->runAction(Object(CInlineAction))
#12 /opt/lampp/htdocs/PMPL_Promanpro3.0/promanpro/yii/framework/web/CController.php(265): CController->runActionWithFilters(Object(CInlineAction), Array)
#13 /opt/lampp/htdocs/PMPL_Promanpro3.0/promanpro/yii/framework/web/CWebApplication.php(282): CController->run('')
#14 /opt/lampp/htdocs/PMPL_Promanpro3.0/promanpro/yii/framework/web/CWebApplication.php(141): CWebApplication->runController('')
#15 /opt/lampp/htdocs/PMPL_Promanpro3.0/promanpro/yii/framework/base/CApplication.php(180): CWebApplication->processRequest()
#16 /opt/lampp/htdocs/PMPL_Promanpro3.0/promanpro/index.php(13): CApplication->run()
#17 {main}
REQUEST_URI=/PMPL_Promanpro3.0/promanpro/
---
